<?xml version="1.0" encoding="UTF-8"?>
<testng-results skipped="0" failed="0" total="1" passed="1">
  <reporter-output>
  </reporter-output>
  <suite name="Default suite" duration-ms="172655" started-at="2022-08-02T12:06:24Z" finished-at="2022-08-02T12:09:17Z">
    <groups>
    </groups>
    <test name="Default test" duration-ms="172655" started-at="2022-08-02T12:06:24Z" finished-at="2022-08-02T12:09:17Z">
      <class name="com.browserstack.run_second_test.SecondTest">
        <test-method status="PASS" signature="setUp()[pri:0, instance:com.browserstack.run_second_test.SecondTest@464bee09]" name="setUp" is-config="true" duration-ms="165458" started-at="2022-08-02T20:06:24Z" finished-at="2022-08-02T20:09:10Z">
          <reporter-output>
          </reporter-output>
        </test-method> <!-- setUp -->
        <test-method status="PASS" signature="test()[pri:0, instance:com.browserstack.run_second_test.SecondTest@464bee09]" name="test" duration-ms="5589" started-at="2022-08-02T20:09:10Z" finished-at="2022-08-02T20:09:15Z">
          <reporter-output>
          </reporter-output>
        </test-method> <!-- test -->
        <test-method status="PASS" signature="tearDown()[pri:0, instance:com.browserstack.run_second_test.SecondTest@464bee09]" name="tearDown" is-config="true" duration-ms="1593" started-at="2022-08-02T20:09:15Z" finished-at="2022-08-02T20:09:17Z">
          <reporter-output>
          </reporter-output>
        </test-method> <!-- tearDown -->
      </class> <!-- com.browserstack.run_second_test.SecondTest -->
    </test> <!-- Default test -->
  </suite> <!-- Default suite -->
</testng-results>
